+ g++ -o BitEpi.o -O3 BitEpi.cpp csvparser.c -pthread
BitEpi.cpp: In member function ‘void ARGS::Parse(int, char**)’:
BitEpi.cpp:510:7: warning: ‘ -b’ directive writing 3 bytes into a region of size between 1 and 1024 [-Wformat-overflow=]
  void Parse(int argc, char* argv[])
       ^~~~~
BitEpi.cpp:510:7: note: directive argument in the range [1, 4]
In file included from /usr/include/stdio.h:862:0,
                 from BitEpi.cpp:41:
/usr/include/x86_64-linux-gnu/bits/stdio2.h:34:43: note: ‘__builtin___sprintf_chk’ output between 5 and 1028 bytes into a destination of size 1024
       __bos (__s), __fmt, __va_arg_pack ());
                                           ^
BitEpi.cpp:510:7: warning: ‘ -a’ directive writing 3 bytes into a region of size between 1 and 1024 [-Wformat-overflow=]
  void Parse(int argc, char* argv[])
       ^~~~~
BitEpi.cpp:510:7: note: directive argument in the range [1, 4]
In file included from /usr/include/stdio.h:862:0,
                 from BitEpi.cpp:41:
/usr/include/x86_64-linux-gnu/bits/stdio2.h:34:43: note: ‘__builtin___sprintf_chk’ output between 5 and 1028 bytes into a destination of size 1024
       __bos (__s), __fmt, __va_arg_pack ());
                                           ^
BitEpi.cpp:510:7: warning: ‘ -sort’ directive writing 6 bytes into a region of size between 1 and 1024 [-Wformat-overflow=]
  void Parse(int argc, char* argv[])
       ^~~~~
In file included from /usr/include/stdio.h:862:0,
                 from BitEpi.cpp:41:
/usr/include/x86_64-linux-gnu/bits/stdio2.h:34:43: note: ‘__builtin___sprintf_chk’ output between 7 and 1030 bytes into a destination of size 1024
       __bos (__s), __fmt, __va_arg_pack ());
                                           ^
BitEpi.cpp: In member function ‘void EpiStat::Run()’:
BitEpi.cpp:2265:7: warning: ‘%s’ directive writing up to 1023 bytes into a region of size 1020 [-Wformat-overflow=]
  void Run()
       ^~~
BitEpi.cpp:2265:7: note: directive argument in the range [1, 4]
BitEpi.cpp:2265:7: note: directive argument in the range [1, 4]
In file included from /usr/include/stdio.h:862:0,
                 from BitEpi.cpp:41:
/usr/include/x86_64-linux-gnu/bits/stdio2.h:34:43: note: ‘__builtin___sprintf_chk’ output 70 or more bytes (assuming 2116) into a destination of size 1024
       __bos (__s), __fmt, __va_arg_pack ());
                                           ^
BitEpi.cpp:2265:7: warning: ‘%s’ directive writing up to 1023 bytes into a region of size 1021 [-Wformat-overflow=]
  void Run()
       ^~~
BitEpi.cpp:2265:7: note: directive argument in the range [1, 4]
In file included from /usr/include/stdio.h:862:0,
                 from BitEpi.cpp:41:
/usr/include/x86_64-linux-gnu/bits/stdio2.h:34:43: note: ‘__builtin___sprintf_chk’ output between 17 and 1040 bytes into a destination of size 1024
       __bos (__s), __fmt, __va_arg_pack ());
                                           ^
BitEpi.cpp:2265:7: warning: ‘%s’ directive writing up to 1023 bytes into a region of size 1020 [-Wformat-overflow=]
  void Run()
       ^~~
BitEpi.cpp:2265:7: note: directive argument in the range [1, 4]
BitEpi.cpp:2265:7: note: directive argument in the range [1, 4]
In file included from /usr/include/stdio.h:862:0,
                 from BitEpi.cpp:41:
/usr/include/x86_64-linux-gnu/bits/stdio2.h:34:43: note: ‘__builtin___sprintf_chk’ output 73 or more bytes (assuming 2119) into a destination of size 1024
       __bos (__s), __fmt, __va_arg_pack ());
                                           ^
BitEpi.cpp:2265:7: warning: ‘%s’ directive writing up to 1023 bytes into a region of size 1021 [-Wformat-overflow=]
  void Run()
       ^~~
BitEpi.cpp:2265:7: note: directive argument in the range [1, 4]
In file included from /usr/include/stdio.h:862:0,
                 from BitEpi.cpp:41:
/usr/include/x86_64-linux-gnu/bits/stdio2.h:34:43: note: ‘__builtin___sprintf_chk’ output between 18 and 1041 bytes into a destination of size 1024
       __bos (__s), __fmt, __va_arg_pack ());
                                           ^
+ chmod 777 BitEpi.o
+ exit
